<?xml version="1.0" encoding="UTF-8"?>
<!-- Generated by org.testng.reporters.JUnitXMLReporter -->
<testsuite hostname="Praveen_246" ignored="1" name="Report" tests="14" failures="1" timestamp="09 Jul 2021 14:20:38 GMT" time="182.947" errors="0">
  <testcase name="cbanking" time="3.887" classname="july7.Demo1"/>
  <testcase name="addition" time="10.66" classname="july7.Demo2"/>
  <testcase name="division" time="10.438" classname="july7.Demo2"/>
  <testcase name="multiplication" time="10.386" classname="july7.Demo2"/>
  <testcase name="branches" time="6.481" classname="july9.UsingDepends"/>
  <testcase name="roles" time="0.158" classname="july9.UsingDepends">
    <failure type="org.openqa.selenium.NoSuchElementException" message="no such element: Unable to locate element: {&amp;quot;method&amp;quot;:&amp;quot;xpath&amp;quot;,&amp;quot;selector&amp;quot;:&amp;quot;//tbody/tr[4]/td[1]/a[1]/im&amp;quot;}
  (Session info: chrome=91.0.4472.124)
For documentation on this error, please visit: http://seleniumhq.org/exceptions/no_such_element.html
Build info: version: &amp;apos;3.14.0&amp;apos;, revision: &amp;apos;aacccce0&amp;apos;, time: &amp;apos;2018-08-02T20:13:22.693Z&amp;apos;
System info: host: &amp;apos;PRAVEEN_246&amp;apos;, ip: &amp;apos;192.168.0.5&amp;apos;, os.name: &amp;apos;Windows 10&amp;apos;, os.arch: &amp;apos;amd64&amp;apos;, os.version: &amp;apos;10.0&amp;apos;, java.version: &amp;apos;1.8.0_121&amp;apos;
Driver info: org.openqa.selenium.chrome.ChromeDriver
Capabilities {acceptInsecureCerts: false, browserName: chrome, browserVersion: 91.0.4472.124, chrome: {chromedriverVersion: 90.0.4430.24 (4c6d850f087da..., userDataDir: C:\Users\QEDGET~1.COM\AppDa...}, goog:chromeOptions: {debuggerAddress: localhost:51438}, javascriptEnabled: true, networkConnectionEnabled: false, pageLoadStrategy: normal, platform: WINDOWS, platformName: WINDOWS, proxy: Proxy(), setWindowRect: true, strictFileInteractability: false, timeouts: {implicit: 0, pageLoad: 300000, script: 30000}, unhandledPromptBehavior: dismiss and notify, webauthn:extension:largeBlob: true, webauthn:virtualAuthenticators: true}
Session ID: f7edc7b218257456de7075f0a733d2e8
*** Element info: {Using=xpath, value=//tbody/tr[4]/td[1]/a[1]/im}">
      <![CDATA[org.openqa.selenium.NoSuchElementException: no such element: Unable to locate element: {"method":"xpath","selector":"//tbody/tr[4]/td[1]/a[1]/im"}
  (Session info: chrome=91.0.4472.124)
For documentation on this error, please visit: http://seleniumhq.org/exceptions/no_such_element.html
Build info: version: '3.14.0', revision: 'aacccce0', time: '2018-08-02T20:13:22.693Z'
System info: host: 'PRAVEEN_246', ip: '192.168.0.5', os.name: 'Windows 10', os.arch: 'amd64', os.version: '10.0', java.version: '1.8.0_121'
Driver info: org.openqa.selenium.chrome.ChromeDriver
Capabilities {acceptInsecureCerts: false, browserName: chrome, browserVersion: 91.0.4472.124, chrome: {chromedriverVersion: 90.0.4430.24 (4c6d850f087da..., userDataDir: C:\Users\QEDGET~1.COM\AppDa...}, goog:chromeOptions: {debuggerAddress: localhost:51438}, javascriptEnabled: true, networkConnectionEnabled: false, pageLoadStrategy: normal, platform: WINDOWS, platformName: WINDOWS, proxy: Proxy(), setWindowRect: true, strictFileInteractability: false, timeouts: {implicit: 0, pageLoad: 300000, script: 30000}, unhandledPromptBehavior: dismiss and notify, webauthn:extension:largeBlob: true, webauthn:virtualAuthenticators: true}
Session ID: f7edc7b218257456de7075f0a733d2e8
*** Element info: {Using=xpath, value=//tbody/tr[4]/td[1]/a[1]/im}
	at org.openqa.selenium.remote.http.W3CHttpResponseCodec.createException(W3CHttpResponseCodec.java:187)
	at org.openqa.selenium.remote.http.W3CHttpResponseCodec.decode(W3CHttpResponseCodec.java:122)
	at org.openqa.selenium.remote.http.W3CHttpResponseCodec.decode(W3CHttpResponseCodec.java:49)
	at org.openqa.selenium.remote.HttpCommandExecutor.execute(HttpCommandExecutor.java:158)
	at org.openqa.selenium.remote.service.DriverCommandExecutor.execute(DriverCommandExecutor.java:83)
	at org.openqa.selenium.remote.RemoteWebDriver.execute(RemoteWebDriver.java:548)
	at org.openqa.selenium.remote.RemoteWebDriver.findElement(RemoteWebDriver.java:322)
	at org.openqa.selenium.remote.RemoteWebDriver.findElementByXPath(RemoteWebDriver.java:424)
	at org.openqa.selenium.By$ByXPath.findElement(By.java:353)
	at org.openqa.selenium.remote.RemoteWebDriver.findElement(RemoteWebDriver.java:314)
	at july9.UsingDepends.roles(UsingDepends.java:32)
... Removed 29 stack frames]]>
    </failure>
  </testcase> <!-- roles -->
  <testcase name="users" time="0.0" classname="july9.UsingDepends">
    <skipped/>
  </testcase> <!-- users -->
  <testcase name="employee" time="0.0" classname="july9.UsingDepends">
    <skipped/>
  </testcase> <!-- employee -->
  <testcase name="verifyLogin" time="11.292" classname="july9.MultipleTimes"/>
  <testcase name="verifyLogin" time="12.372" classname="july9.MultipleTimes"/>
  <testcase name="verifyLogin" time="12.603" classname="july9.MultipleTimes"/>
  <testcase name="verifyLogin" time="13.111" classname="july9.MultipleTimes"/>
  <testcase name="verifyLogin" time="14.788" classname="july9.MultipleTimes"/>
  <testcase name="pbanking" time="4.227" classname="july7.Demo1"/>
  <testcase name="ibanking" time="0.0" classname="july7.Demo1">
    <ignored/>
  </testcase> <!-- ibanking -->
</testsuite> <!-- Report -->
